{"/Users/dabadema/Desktop/React/React y Typescript/rest_api_node_ts_server/src/router.ts": {"path":"/Users/dabadema/Desktop/React/React y Typescript/rest_api_node_ts_server/src/router.ts","statementMap":{"0":{"start":{"line":1,"column":0},"end":{"line":1,"column":33}},"1":{"start":{"line":2,"column":0},"end":{"line":2,"column":48}},"2":{"start":{"line":3,"column":0},"end":{"line":3,"column":null}},"3":{"start":{"line":11,"column":0},"end":{"line":11,"column":49}},"4":{"start":{"line":12,"column":15},"end":{"line":12,"column":23}},"5":{"start":{"line":14,"column":0},"end":{"line":14,"column":29}},"6":{"start":{"line":16,"column":0},"end":{"line":21,"column":2}},"7":{"start":{"line":23,"column":0},"end":{"line":35,"column":2}},"8":{"start":{"line":31,"column":27},"end":{"line":31,"column":36}},"9":{"start":{"line":37,"column":0},"end":{"line":51,"column":2}},"10":{"start":{"line":46,"column":27},"end":{"line":46,"column":36}},"11":{"start":{"line":53,"column":0},"end":{"line":58,"column":2}},"12":{"start":{"line":60,"column":0},"end":{"line":65,"column":2}},"13":{"start":{"line":67,"column":0},"end":{"line":67,"column":22}}},"fnMap":{"0":{"name":"(anonymous_0)","decl":{"start":{"line":31,"column":16},"end":{"line":31,"column":17}},"loc":{"start":{"line":31,"column":27},"end":{"line":31,"column":36}}},"1":{"name":"(anonymous_1)","decl":{"start":{"line":46,"column":16},"end":{"line":46,"column":17}},"loc":{"start":{"line":46,"column":27},"end":{"line":46,"column":36}}}},"branchMap":{},"s":{"0":2,"1":2,"2":2,"3":2,"4":2,"5":2,"6":2,"7":2,"8":4,"9":2,"10":5,"11":2,"12":2,"13":2},"f":{"0":4,"1":5},"b":{}}
,"/Users/dabadema/Desktop/React/React y Typescript/rest_api_node_ts_server/src/server.ts": {"path":"/Users/dabadema/Desktop/React/React y Typescript/rest_api_node_ts_server/src/server.ts","statementMap":{"0":{"start":{"line":1,"column":0},"end":{"line":1,"column":30}},"1":{"start":{"line":2,"column":0},"end":{"line":2,"column":30}},"2":{"start":{"line":3,"column":0},"end":{"line":3,"column":28}},"3":{"start":{"line":4,"column":0},"end":{"line":4,"column":29}},"4":{"start":{"line":9,"column":4},"end":{"line":16,"column":5}},"5":{"start":{"line":10,"column":8},"end":{"line":10,"column":32}},"6":{"start":{"line":11,"column":8},"end":{"line":11,"column":66}},"7":{"start":{"line":12,"column":8},"end":{"line":12,"column":18}},"8":{"start":{"line":14,"column":8},"end":{"line":14,"column":27}},"9":{"start":{"line":15,"column":8},"end":{"line":15,"column":59}},"10":{"start":{"line":19,"column":0},"end":{"line":19,"column":12}},"11":{"start":{"line":22,"column":15},"end":{"line":22,"column":24}},"12":{"start":{"line":25,"column":0},"end":{"line":25,"column":27}},"13":{"start":{"line":27,"column":0},"end":{"line":27,"column":36}},"14":{"start":{"line":29,"column":0},"end":{"line":31,"column":3}},"15":{"start":{"line":30,"column":4},"end":{"line":30,"column":39}},"16":{"start":{"line":33,"column":31},"end":{"line":33,"column":35}},"17":{"start":{"line":35,"column":27},"end":{"line":44,"column":1}},"18":{"start":{"line":36,"column":4},"end":{"line":42,"column":5}},"19":{"start":{"line":37,"column":8},"end":{"line":41,"column":11}},"20":{"start":{"line":38,"column":12},"end":{"line":40,"column":13}},"21":{"start":{"line":39,"column":16},"end":{"line":39,"column":62}},"22":{"start":{"line":43,"column":4},"end":{"line":43,"column":21}},"23":{"start":{"line":35,"column":13},"end":{"line":35,"column":27}},"24":{"start":{"line":46,"column":27},"end":{"line":51,"column":1}},"25":{"start":{"line":47,"column":4},"end":{"line":49,"column":5}},"26":{"start":{"line":48,"column":8},"end":{"line":48,"column":33}},"27":{"start":{"line":50,"column":4},"end":{"line":50,"column":21}},"28":{"start":{"line":46,"column":13},"end":{"line":46,"column":27}},"29":{"start":{"line":53,"column":0},"end":{"line":53,"column":22}}},"fnMap":{"0":{"name":"connectDB","decl":{"start":{"line":8,"column":15},"end":{"line":8,"column":24}},"loc":{"start":{"line":8,"column":24},"end":{"line":17,"column":1}}},"1":{"name":"(anonymous_2)","decl":{"start":{"line":29,"column":19},"end":{"line":29,"column":20}},"loc":{"start":{"line":29,"column":32},"end":{"line":31,"column":1}}},"2":{"name":"(anonymous_3)","decl":{"start":{"line":35,"column":27},"end":{"line":35,"column":28}},"loc":{"start":{"line":35,"column":59},"end":{"line":44,"column":1}}},"3":{"name":"(anonymous_4)","decl":{"start":{"line":37,"column":40},"end":{"line":37,"column":43}},"loc":{"start":{"line":37,"column":45},"end":{"line":41,"column":9}}},"4":{"name":"(anonymous_5)","decl":{"start":{"line":46,"column":27},"end":{"line":46,"column":50}},"loc":{"start":{"line":46,"column":52},"end":{"line":51,"column":1}}}},"branchMap":{"0":{"loc":{"start":{"line":35,"column":28},"end":{"line":35,"column":47}},"type":"default-arg","locations":[{"start":{"line":35,"column":43},"end":{"line":35,"column":47}}]},"1":{"loc":{"start":{"line":36,"column":4},"end":{"line":42,"column":5}},"type":"if","locations":[{"start":{"line":36,"column":4},"end":{"line":42,"column":5}}]},"2":{"loc":{"start":{"line":38,"column":12},"end":{"line":40,"column":13}},"type":"if","locations":[{"start":{"line":38,"column":12},"end":{"line":40,"column":13}}]},"3":{"loc":{"start":{"line":47,"column":4},"end":{"line":49,"column":5}},"type":"if","locations":[{"start":{"line":47,"column":4},"end":{"line":49,"column":5}}]}},"s":{"0":2,"1":2,"2":2,"3":2,"4":2,"5":2,"6":2,"7":2,"8":0,"9":0,"10":2,"11":2,"12":2,"13":2,"14":2,"15":1,"16":2,"17":2,"18":1,"19":1,"20":1,"21":0,"22":1,"23":2,"24":2,"25":1,"26":1,"27":0,"28":2,"29":2},"f":{"0":2,"1":1,"2":1,"3":1,"4":1},"b":{"0":[1],"1":[1],"2":[0],"3":[1]}}
,"/Users/dabadema/Desktop/React/React y Typescript/rest_api_node_ts_server/src/config/db.ts": {"path":"/Users/dabadema/Desktop/React/React y Typescript/rest_api_node_ts_server/src/config/db.ts","statementMap":{"0":{"start":{"line":1,"column":0},"end":{"line":1,"column":49}},"1":{"start":{"line":2,"column":0},"end":{"line":2,"column":28}},"2":{"start":{"line":4,"column":0},"end":{"line":4,"column":16}},"3":{"start":{"line":6,"column":11},"end":{"line":9,"column":2}},"4":{"start":{"line":11,"column":0},"end":{"line":11,"column":18}}},"fnMap":{},"branchMap":{},"s":{"0":2,"1":2,"2":2,"3":2,"4":2},"f":{},"b":{}}
,"/Users/dabadema/Desktop/React/React y Typescript/rest_api_node_ts_server/src/handlers/product.ts": {"path":"/Users/dabadema/Desktop/React/React y Typescript/rest_api_node_ts_server/src/handlers/product.ts","statementMap":{"0":{"start":{"line":2,"column":0},"end":{"line":2,"column":46}},"1":{"start":{"line":4,"column":27},"end":{"line":10,"column":1}},"2":{"start":{"line":5,"column":21},"end":{"line":8,"column":6}},"3":{"start":{"line":9,"column":4},"end":{"line":9,"column":33}},"4":{"start":{"line":4,"column":13},"end":{"line":4,"column":27}},"5":{"start":{"line":12,"column":30},"end":{"line":22,"column":1}},"6":{"start":{"line":13,"column":19},"end":{"line":13,"column":29}},"7":{"start":{"line":14,"column":20},"end":{"line":14,"column":46}},"8":{"start":{"line":16,"column":4},"end":{"line":19,"column":5}},"9":{"start":{"line":17,"column":8},"end":{"line":17,"column":63}},"10":{"start":{"line":18,"column":8},"end":{"line":18,"column":15}},"11":{"start":{"line":21,"column":4},"end":{"line":21,"column":32}},"12":{"start":{"line":12,"column":13},"end":{"line":12,"column":30}},"13":{"start":{"line":24,"column":29},"end":{"line":30,"column":1}},"14":{"start":{"line":25,"column":20},"end":{"line":25,"column":50}},"15":{"start":{"line":26,"column":4},"end":{"line":29,"column":7}},"16":{"start":{"line":24,"column":13},"end":{"line":24,"column":29}},"17":{"start":{"line":32,"column":29},"end":{"line":44,"column":1}},"18":{"start":{"line":33,"column":19},"end":{"line":33,"column":29}},"19":{"start":{"line":34,"column":20},"end":{"line":34,"column":46}},"20":{"start":{"line":35,"column":4},"end":{"line":38,"column":5}},"21":{"start":{"line":36,"column":8},"end":{"line":36,"column":63}},"22":{"start":{"line":37,"column":8},"end":{"line":37,"column":15}},"23":{"start":{"line":40,"column":4},"end":{"line":40,"column":35}},"24":{"start":{"line":41,"column":4},"end":{"line":41,"column":25}},"25":{"start":{"line":43,"column":4},"end":{"line":43,"column":73}},"26":{"start":{"line":32,"column":13},"end":{"line":32,"column":29}},"27":{"start":{"line":46,"column":34},"end":{"line":60,"column":1}},"28":{"start":{"line":47,"column":19},"end":{"line":47,"column":29}},"29":{"start":{"line":48,"column":20},"end":{"line":48,"column":46}},"30":{"start":{"line":49,"column":4},"end":{"line":52,"column":5}},"31":{"start":{"line":50,"column":8},"end":{"line":50,"column":63}},"32":{"start":{"line":51,"column":8},"end":{"line":51,"column":15}},"33":{"start":{"line":54,"column":4},"end":{"line":54,"column":49}},"34":{"start":{"line":55,"column":4},"end":{"line":55,"column":25}},"35":{"start":{"line":57,"column":4},"end":{"line":57,"column":36}},"36":{"start":{"line":59,"column":4},"end":{"line":59,"column":73}},"37":{"start":{"line":46,"column":13},"end":{"line":46,"column":34}},"38":{"start":{"line":62,"column":29},"end":{"line":74,"column":1}},"39":{"start":{"line":63,"column":19},"end":{"line":63,"column":29}},"40":{"start":{"line":64,"column":20},"end":{"line":64,"column":46}},"41":{"start":{"line":66,"column":4},"end":{"line":69,"column":5}},"42":{"start":{"line":67,"column":8},"end":{"line":67,"column":63}},"43":{"start":{"line":68,"column":8},"end":{"line":68,"column":15}},"44":{"start":{"line":71,"column":4},"end":{"line":71,"column":28}},"45":{"start":{"line":73,"column":4},"end":{"line":73,"column":70}},"46":{"start":{"line":62,"column":13},"end":{"line":62,"column":29}}},"fnMap":{"0":{"name":"(anonymous_1)","decl":{"start":{"line":4,"column":27},"end":{"line":4,"column":32}},"loc":{"start":{"line":4,"column":65},"end":{"line":10,"column":1}}},"1":{"name":"(anonymous_2)","decl":{"start":{"line":12,"column":30},"end":{"line":12,"column":35}},"loc":{"start":{"line":12,"column":83},"end":{"line":22,"column":1}}},"2":{"name":"(anonymous_3)","decl":{"start":{"line":24,"column":29},"end":{"line":24,"column":34}},"loc":{"start":{"line":24,"column":82},"end":{"line":30,"column":1}}},"3":{"name":"(anonymous_4)","decl":{"start":{"line":32,"column":29},"end":{"line":32,"column":34}},"loc":{"start":{"line":32,"column":82},"end":{"line":44,"column":1}}},"4":{"name":"(anonymous_5)","decl":{"start":{"line":46,"column":34},"end":{"line":46,"column":39}},"loc":{"start":{"line":46,"column":87},"end":{"line":60,"column":1}}},"5":{"name":"(anonymous_6)","decl":{"start":{"line":62,"column":29},"end":{"line":62,"column":34}},"loc":{"start":{"line":62,"column":82},"end":{"line":74,"column":1}}}},"branchMap":{"0":{"loc":{"start":{"line":16,"column":4},"end":{"line":19,"column":5}},"type":"if","locations":[{"start":{"line":16,"column":4},"end":{"line":19,"column":5}}]},"1":{"loc":{"start":{"line":35,"column":4},"end":{"line":38,"column":5}},"type":"if","locations":[{"start":{"line":35,"column":4},"end":{"line":38,"column":5}}]},"2":{"loc":{"start":{"line":49,"column":4},"end":{"line":52,"column":5}},"type":"if","locations":[{"start":{"line":49,"column":4},"end":{"line":52,"column":5}}]},"3":{"loc":{"start":{"line":66,"column":4},"end":{"line":69,"column":5}},"type":"if","locations":[{"start":{"line":66,"column":4},"end":{"line":69,"column":5}}]}},"s":{"0":2,"1":2,"2":1,"3":1,"4":2,"5":2,"6":2,"7":2,"8":2,"9":1,"10":1,"11":1,"12":2,"13":2,"14":1,"15":1,"16":2,"17":2,"18":2,"19":2,"20":2,"21":1,"22":1,"23":1,"24":1,"25":1,"26":2,"27":2,"28":2,"29":2,"30":2,"31":1,"32":1,"33":1,"34":1,"35":1,"36":1,"37":2,"38":2,"39":2,"40":2,"41":2,"42":1,"43":1,"44":1,"45":1,"46":2},"f":{"0":1,"1":2,"2":1,"3":2,"4":2,"5":2},"b":{"0":[1],"1":[1],"2":[1],"3":[1]}}
,"/Users/dabadema/Desktop/React/React y Typescript/rest_api_node_ts_server/src/middleware/index.ts": {"path":"/Users/dabadema/Desktop/React/React y Typescript/rest_api_node_ts_server/src/middleware/index.ts","statementMap":{"0":{"start":{"line":2,"column":0},"end":{"line":2,"column":53}},"1":{"start":{"line":4,"column":33},"end":{"line":12,"column":1}},"2":{"start":{"line":5,"column":19},"end":{"line":5,"column":40}},"3":{"start":{"line":7,"column":4},"end":{"line":11,"column":5}},"4":{"start":{"line":8,"column":8},"end":{"line":8,"column":57}},"5":{"start":{"line":10,"column":8},"end":{"line":10,"column":15}},"6":{"start":{"line":4,"column":13},"end":{"line":4,"column":33}}},"fnMap":{"0":{"name":"(anonymous_0)","decl":{"start":{"line":4,"column":33},"end":{"line":4,"column":34}},"loc":{"start":{"line":4,"column":91},"end":{"line":12,"column":1}}}},"branchMap":{"0":{"loc":{"start":{"line":7,"column":4},"end":{"line":11,"column":5}},"type":"if","locations":[{"start":{"line":7,"column":4},"end":{"line":11,"column":5}},{"start":{"line":9,"column":11},"end":{"line":11,"column":5}}]}},"s":{"0":2,"1":2,"2":17,"3":17,"4":8,"5":9,"6":2},"f":{"0":17},"b":{"0":[8,9]}}
,"/Users/dabadema/Desktop/React/React y Typescript/rest_api_node_ts_server/src/models/Product.model.ts": {"path":"/Users/dabadema/Desktop/React/React y Typescript/rest_api_node_ts_server/src/models/Product.model.ts","statementMap":{"0":{"start":{"line":1,"column":0},"end":{"line":1,"column":79}},"1":{"start":{"line":6,"column":0},"end":{"line":22,"column":null}},"2":{"start":{"line":10,"column":12},"end":{"line":10,"column":null}},"3":{"start":{"line":15,"column":12},"end":{"line":15,"column":null}},"4":{"start":{"line":21,"column":12},"end":{"line":21,"column":null}},"5":{"start":{"line":6,"column":6},"end":{"line":22,"column":null}},"6":{"start":{"line":23,"column":0},"end":{"line":23,"column":23}}},"fnMap":{},"branchMap":{},"s":{"0":2,"1":2,"2":2,"3":2,"4":2,"5":2,"6":2},"f":{},"b":{}}
}
