TN:
SF:src/router.ts
FN:31,(anonymous_0)
FN:46,(anonymous_1)
FNF:2
FNH:2
FNDA:4,(anonymous_0)
FNDA:5,(anonymous_1)
DA:1,2
DA:2,2
DA:3,2
DA:11,2
DA:12,2
DA:14,2
DA:16,2
DA:23,2
DA:31,4
DA:37,2
DA:46,5
DA:53,2
DA:60,2
DA:67,2
LF:14
LH:14
BRF:0
BRH:0
end_of_record
TN:
SF:src/server.ts
FN:8,connectDB
FN:29,(anonymous_2)
FN:35,(anonymous_3)
FN:37,(anonymous_4)
FN:46,(anonymous_5)
FNF:5
FNH:5
FNDA:2,connectDB
FNDA:1,(anonymous_2)
FNDA:1,(anonymous_3)
FNDA:1,(anonymous_4)
FNDA:1,(anonymous_5)
DA:1,2
DA:2,2
DA:3,2
DA:4,2
DA:9,2
DA:10,2
DA:11,2
DA:12,2
DA:14,0
DA:15,0
DA:19,2
DA:22,2
DA:25,2
DA:27,2
DA:29,2
DA:30,1
DA:33,2
DA:35,2
DA:36,1
DA:37,1
DA:38,1
DA:39,0
DA:43,1
DA:46,2
DA:47,1
DA:48,1
DA:50,0
DA:53,2
LF:28
LH:24
BRDA:35,0,0,1
BRDA:36,1,0,1
BRDA:38,2,0,0
BRDA:47,3,0,1
BRF:4
BRH:3
end_of_record
TN:
SF:src/config/db.ts
FNF:0
FNH:0
DA:1,2
DA:2,2
DA:4,2
DA:6,2
DA:11,2
LF:5
LH:5
BRF:0
BRH:0
end_of_record
TN:
SF:src/handlers/product.ts
FN:4,(anonymous_1)
FN:12,(anonymous_2)
FN:24,(anonymous_3)
FN:32,(anonymous_4)
FN:46,(anonymous_5)
FN:62,(anonymous_6)
FNF:6
FNH:6
FNDA:1,(anonymous_1)
FNDA:2,(anonymous_2)
FNDA:1,(anonymous_3)
FNDA:2,(anonymous_4)
FNDA:2,(anonymous_5)
FNDA:2,(anonymous_6)
DA:2,2
DA:4,2
DA:5,1
DA:9,1
DA:12,2
DA:13,2
DA:14,2
DA:16,2
DA:17,1
DA:18,1
DA:21,1
DA:24,2
DA:25,1
DA:26,1
DA:32,2
DA:33,2
DA:34,2
DA:35,2
DA:36,1
DA:37,1
DA:40,1
DA:41,1
DA:43,1
DA:46,2
DA:47,2
DA:48,2
DA:49,2
DA:50,1
DA:51,1
DA:54,1
DA:55,1
DA:57,1
DA:59,1
DA:62,2
DA:63,2
DA:64,2
DA:66,2
DA:67,1
DA:68,1
DA:71,1
DA:73,1
LF:41
LH:41
BRDA:16,0,0,1
BRDA:35,1,0,1
BRDA:49,2,0,1
BRDA:66,3,0,1
BRF:4
BRH:4
end_of_record
TN:
SF:src/middleware/index.ts
FN:4,(anonymous_0)
FNF:1
FNH:1
FNDA:17,(anonymous_0)
DA:2,2
DA:4,2
DA:5,17
DA:7,17
DA:8,8
DA:10,9
LF:6
LH:6
BRDA:7,0,0,8
BRDA:7,0,1,9
BRF:2
BRH:2
end_of_record
TN:
SF:src/models/Product.model.ts
FNF:0
FNH:0
DA:1,2
DA:6,2
DA:10,2
DA:15,2
DA:21,2
DA:23,2
LF:6
LH:6
BRF:0
BRH:0
end_of_record
